<?xml version="1.0" encoding="UTF-8"?>
<testsuite xmlns:xsi="http://www.w3.org/2001/XMLSchema-instance" xsi:noNamespaceSchemaLocation="https://maven.apache.org/surefire/maven-surefire-plugin/xsd/surefire-test-report.xsd" name="diplom_api.GetUserOrdersApiTest" time="3.07" tests="2" errors="0" skipped="0" failures="0">
  <properties>
    <property name="gopherProxySet" value="false"/>
    <property name="awt.toolkit" value="sun.lwawt.macosx.LWCToolkit"/>
    <property name="java.specification.version" value="11"/>
    <property name="sun.cpu.isalist" value=""/>
    <property name="sun.jnu.encoding" value="UTF-8"/>
    <property name="java.class.path" value="/Users/lediprincessovna/IdeaProjects/Diplom_2/target/test-classes:/Users/lediprincessovna/IdeaProjects/Diplom_2/target/classes:/Users/lediprincessovna/.m2/repository/junit/junit/4.13.2/junit-4.13.2.jar:/Users/lediprincessovna/.m2/repository/org/hamcrest/hamcrest-core/1.3/hamcrest-core-1.3.jar:/Users/lediprincessovna/.m2/repository/io/rest-assured/rest-assured/4.4.0/rest-assured-4.4.0.jar:/Users/lediprincessovna/.m2/repository/org/codehaus/groovy/groovy/3.0.8/groovy-3.0.8.jar:/Users/lediprincessovna/.m2/repository/org/codehaus/groovy/groovy-xml/3.0.8/groovy-xml-3.0.8.jar:/Users/lediprincessovna/.m2/repository/org/apache/httpcomponents/httpclient/4.5.13/httpclient-4.5.13.jar:/Users/lediprincessovna/.m2/repository/org/apache/httpcomponents/httpcore/4.4.13/httpcore-4.4.13.jar:/Users/lediprincessovna/.m2/repository/commons-logging/commons-logging/1.2/commons-logging-1.2.jar:/Users/lediprincessovna/.m2/repository/commons-codec/commons-codec/1.11/commons-codec-1.11.jar:/Users/lediprincessovna/.m2/repository/org/apache/httpcomponents/httpmime/4.5.13/httpmime-4.5.13.jar:/Users/lediprincessovna/.m2/repository/org/hamcrest/hamcrest/2.1/hamcrest-2.1.jar:/Users/lediprincessovna/.m2/repository/org/ccil/cowan/tagsoup/tagsoup/1.2.1/tagsoup-1.2.1.jar:/Users/lediprincessovna/.m2/repository/io/rest-assured/json-path/4.4.0/json-path-4.4.0.jar:/Users/lediprincessovna/.m2/repository/org/codehaus/groovy/groovy-json/3.0.8/groovy-json-3.0.8.jar:/Users/lediprincessovna/.m2/repository/io/rest-assured/rest-assured-common/4.4.0/rest-assured-common-4.4.0.jar:/Users/lediprincessovna/.m2/repository/io/rest-assured/xml-path/4.4.0/xml-path-4.4.0.jar:/Users/lediprincessovna/.m2/repository/org/apache/commons/commons-lang3/3.11/commons-lang3-3.11.jar:/Users/lediprincessovna/.m2/repository/jakarta/xml/bind/jakarta.xml.bind-api/2.3.3/jakarta.xml.bind-api-2.3.3.jar:/Users/lediprincessovna/.m2/repository/jakarta/activation/jakarta.activation-api/1.2.2/jakarta.activation-api-1.2.2.jar:/Users/lediprincessovna/.m2/repository/com/sun/xml/bind/jaxb-impl/2.3.3/jaxb-impl-2.3.3.jar:/Users/lediprincessovna/.m2/repository/com/fasterxml/jackson/core/jackson-databind/2.13.0/jackson-databind-2.13.0.jar:/Users/lediprincessovna/.m2/repository/com/fasterxml/jackson/core/jackson-annotations/2.13.0/jackson-annotations-2.13.0.jar:/Users/lediprincessovna/.m2/repository/com/fasterxml/jackson/core/jackson-core/2.13.0/jackson-core-2.13.0.jar:/Users/lediprincessovna/.m2/repository/io/qameta/allure/allure-junit4/2.10.0/allure-junit4-2.10.0.jar:/Users/lediprincessovna/.m2/repository/io/qameta/allure/allure-java-commons/2.10.0/allure-java-commons-2.10.0.jar:/Users/lediprincessovna/.m2/repository/io/qameta/allure/allure-model/2.10.0/allure-model-2.10.0.jar:/Users/lediprincessovna/.m2/repository/org/slf4j/slf4j-api/1.7.25/slf4j-api-1.7.25.jar:/Users/lediprincessovna/.m2/repository/org/apache/tika/tika-core/1.20/tika-core-1.20.jar:/Users/lediprincessovna/.m2/repository/org/jooq/joor-java-8/0.9.10/joor-java-8-0.9.10.jar:/Users/lediprincessovna/.m2/repository/io/qameta/allure/allure-rest-assured/2.10.0/allure-rest-assured-2.10.0.jar:/Users/lediprincessovna/.m2/repository/io/qameta/allure/allure-attachments/2.10.0/allure-attachments-2.10.0.jar:/Users/lediprincessovna/.m2/repository/org/freemarker/freemarker/2.3.28/freemarker-2.3.28.jar:/Users/lediprincessovna/.m2/repository/org/assertj/assertj-core/3.23.1/assertj-core-3.23.1.jar:/Users/lediprincessovna/.m2/repository/net/bytebuddy/byte-buddy/1.12.10/byte-buddy-1.12.10.jar:"/>
    <property name="java.vm.vendor" value="Amazon.com Inc."/>
    <property name="sun.arch.data.model" value="64"/>
    <property name="java.vendor.url" value="https://aws.amazon.com/corretto/"/>
    <property name="user.timezone" value=""/>
    <property name="java.vm.specification.version" value="11"/>
    <property name="os.name" value="Mac OS X"/>
    <property name="sun.java.launcher" value="SUN_STANDARD"/>
    <property name="user.country" value="RU"/>
    <property name="sun.boot.library.path" value="/Users/lediprincessovna/Library/Java/JavaVirtualMachines/corretto-11.0.15/Contents/Home/lib"/>
    <property name="sun.java.command" value="/Users/lediprincessovna/IdeaProjects/Diplom_2/target/surefire/surefirebooter10655518258199402350.jar /Users/lediprincessovna/IdeaProjects/Diplom_2/target/surefire 2022-08-17T18-45-45_314-jvmRun1 surefire9908831526170181979tmp surefire_014921656951841991383tmp"/>
    <property name="http.nonProxyHosts" value="local|*.local|169.254/16|*.169.254/16"/>
    <property name="jdk.debug" value="release"/>
    <property name="surefire.test.class.path" value="/Users/lediprincessovna/IdeaProjects/Diplom_2/target/test-classes:/Users/lediprincessovna/IdeaProjects/Diplom_2/target/classes:/Users/lediprincessovna/.m2/repository/junit/junit/4.13.2/junit-4.13.2.jar:/Users/lediprincessovna/.m2/repository/org/hamcrest/hamcrest-core/1.3/hamcrest-core-1.3.jar:/Users/lediprincessovna/.m2/repository/io/rest-assured/rest-assured/4.4.0/rest-assured-4.4.0.jar:/Users/lediprincessovna/.m2/repository/org/codehaus/groovy/groovy/3.0.8/groovy-3.0.8.jar:/Users/lediprincessovna/.m2/repository/org/codehaus/groovy/groovy-xml/3.0.8/groovy-xml-3.0.8.jar:/Users/lediprincessovna/.m2/repository/org/apache/httpcomponents/httpclient/4.5.13/httpclient-4.5.13.jar:/Users/lediprincessovna/.m2/repository/org/apache/httpcomponents/httpcore/4.4.13/httpcore-4.4.13.jar:/Users/lediprincessovna/.m2/repository/commons-logging/commons-logging/1.2/commons-logging-1.2.jar:/Users/lediprincessovna/.m2/repository/commons-codec/commons-codec/1.11/commons-codec-1.11.jar:/Users/lediprincessovna/.m2/repository/org/apache/httpcomponents/httpmime/4.5.13/httpmime-4.5.13.jar:/Users/lediprincessovna/.m2/repository/org/hamcrest/hamcrest/2.1/hamcrest-2.1.jar:/Users/lediprincessovna/.m2/repository/org/ccil/cowan/tagsoup/tagsoup/1.2.1/tagsoup-1.2.1.jar:/Users/lediprincessovna/.m2/repository/io/rest-assured/json-path/4.4.0/json-path-4.4.0.jar:/Users/lediprincessovna/.m2/repository/org/codehaus/groovy/groovy-json/3.0.8/groovy-json-3.0.8.jar:/Users/lediprincessovna/.m2/repository/io/rest-assured/rest-assured-common/4.4.0/rest-assured-common-4.4.0.jar:/Users/lediprincessovna/.m2/repository/io/rest-assured/xml-path/4.4.0/xml-path-4.4.0.jar:/Users/lediprincessovna/.m2/repository/org/apache/commons/commons-lang3/3.11/commons-lang3-3.11.jar:/Users/lediprincessovna/.m2/repository/jakarta/xml/bind/jakarta.xml.bind-api/2.3.3/jakarta.xml.bind-api-2.3.3.jar:/Users/lediprincessovna/.m2/repository/jakarta/activation/jakarta.activation-api/1.2.2/jakarta.activation-api-1.2.2.jar:/Users/lediprincessovna/.m2/repository/com/sun/xml/bind/jaxb-impl/2.3.3/jaxb-impl-2.3.3.jar:/Users/lediprincessovna/.m2/repository/com/fasterxml/jackson/core/jackson-databind/2.13.0/jackson-databind-2.13.0.jar:/Users/lediprincessovna/.m2/repository/com/fasterxml/jackson/core/jackson-annotations/2.13.0/jackson-annotations-2.13.0.jar:/Users/lediprincessovna/.m2/repository/com/fasterxml/jackson/core/jackson-core/2.13.0/jackson-core-2.13.0.jar:/Users/lediprincessovna/.m2/repository/io/qameta/allure/allure-junit4/2.10.0/allure-junit4-2.10.0.jar:/Users/lediprincessovna/.m2/repository/io/qameta/allure/allure-java-commons/2.10.0/allure-java-commons-2.10.0.jar:/Users/lediprincessovna/.m2/repository/io/qameta/allure/allure-model/2.10.0/allure-model-2.10.0.jar:/Users/lediprincessovna/.m2/repository/org/slf4j/slf4j-api/1.7.25/slf4j-api-1.7.25.jar:/Users/lediprincessovna/.m2/repository/org/apache/tika/tika-core/1.20/tika-core-1.20.jar:/Users/lediprincessovna/.m2/repository/org/jooq/joor-java-8/0.9.10/joor-java-8-0.9.10.jar:/Users/lediprincessovna/.m2/repository/io/qameta/allure/allure-rest-assured/2.10.0/allure-rest-assured-2.10.0.jar:/Users/lediprincessovna/.m2/repository/io/qameta/allure/allure-attachments/2.10.0/allure-attachments-2.10.0.jar:/Users/lediprincessovna/.m2/repository/org/freemarker/freemarker/2.3.28/freemarker-2.3.28.jar:/Users/lediprincessovna/.m2/repository/org/assertj/assertj-core/3.23.1/assertj-core-3.23.1.jar:/Users/lediprincessovna/.m2/repository/net/bytebuddy/byte-buddy/1.12.10/byte-buddy-1.12.10.jar:"/>
    <property name="sun.cpu.endian" value="little"/>
    <property name="allure.results.directory" value="/Users/lediprincessovna/IdeaProjects/Diplom_2/target/allure-results"/>
    <property name="user.home" value="/Users/lediprincessovna"/>
    <property name="user.language" value="en"/>
    <property name="java.specification.vendor" value="Oracle Corporation"/>
    <property name="java.version.date" value="2022-04-19"/>
    <property name="java.home" value="/Users/lediprincessovna/Library/Java/JavaVirtualMachines/corretto-11.0.15/Contents/Home"/>
    <property name="file.separator" value="/"/>
    <property name="basedir" value="/Users/lediprincessovna/IdeaProjects/Diplom_2"/>
    <property name="java.vm.compressedOopsMode" value="Zero based"/>
    <property name="line.separator" value="&#10;"/>
    <property name="java.specification.name" value="Java Platform API Specification"/>
    <property name="java.vm.specification.vendor" value="Oracle Corporation"/>
    <property name="java.awt.graphicsenv" value="sun.awt.CGraphicsEnvironment"/>
    <property name="surefire.real.class.path" value="/Users/lediprincessovna/IdeaProjects/Diplom_2/target/surefire/surefirebooter10655518258199402350.jar"/>
    <property name="sun.management.compiler" value="HotSpot 64-Bit Tiered Compilers"/>
    <property name="ftp.nonProxyHosts" value="local|*.local|169.254/16|*.169.254/16"/>
    <property name="java.runtime.version" value="11.0.15+9-LTS"/>
    <property name="user.name" value="lediprincessovna"/>
    <property name="path.separator" value=":"/>
    <property name="os.version" value="12.4"/>
    <property name="java.runtime.name" value="OpenJDK Runtime Environment"/>
    <property name="file.encoding" value="UTF-8"/>
    <property name="java.vm.name" value="OpenJDK 64-Bit Server VM"/>
    <property name="java.vendor.version" value="Corretto-11.0.15.9.1"/>
    <property name="localRepository" value="/Users/lediprincessovna/.m2/repository"/>
    <property name="java.vendor.url.bug" value="https://github.com/corretto/corretto-11/issues/"/>
    <property name="java.io.tmpdir" value="/var/folders/k7/99mmg96x2l9f11rl52b8sxrh0000gp/T/"/>
    <property name="idea.version" value="2021.3.3"/>
    <property name="java.version" value="11.0.15"/>
    <property name="user.dir" value="/Users/lediprincessovna/IdeaProjects/Diplom_2"/>
    <property name="os.arch" value="x86_64"/>
    <property name="java.vm.specification.name" value="Java Virtual Machine Specification"/>
    <property name="java.awt.printerjob" value="sun.lwawt.macosx.CPrinterJob"/>
    <property name="sun.os.patch.level" value="unknown"/>
    <property name="java.library.path" value="/Users/lediprincessovna/Library/Java/Extensions:/Library/Java/Extensions:/Network/Library/Java/Extensions:/System/Library/Java/Extensions:/usr/lib/java:."/>
    <property name="java.vm.info" value="mixed mode"/>
    <property name="java.vendor" value="Amazon.com Inc."/>
    <property name="java.vm.version" value="11.0.15+9-LTS"/>
    <property name="sun.io.unicode.encoding" value="UnicodeBig"/>
    <property name="java.class.version" value="55.0"/>
    <property name="socksNonProxyHosts" value="local|*.local|169.254/16|*.169.254/16"/>
  </properties>
  <testcase name="getOrdersForUserWithoutAuthorization" classname="diplom_api.GetUserOrdersApiTest" time="0.823"/>
  <testcase name="getOrdersForUserWithAuthorization" classname="diplom_api.GetUserOrdersApiTest" time="2.245"/>
</testsuite>